Using pre-set license
Built from '2020.3/staging' branch; Version is '2020.3.16f1 (049d6eca3c44) revision 302446'; Using compiler version '192528614'; Build Type 'Release'
OS: 'Windows 10 Pro; OS build 18363.1440; Version 1909; 64bit' Language: 'pt' Physical Memory: 14267 MB
BatchMode: 1, IsHumanControllingUs: 0, StartBugReporterOnCrash: 0, Is64bit: 1, IsPro: 0

 COMMAND LINE ARGUMENTS:
C:\Program Files\Unity\Hub\Editor\2020.3.16f1\Editor\Unity.exe
-adb2
-batchMode
-noUpm
-name
AssetImportWorker0
-projectPath
D:/Unity/Machadinho-GitHub/Machadinho
-logFile
Logs/AssetImportWorker0.log
-srvPort
58994
Successfully changed project path to: D:/Unity/Machadinho-GitHub/Machadinho
D:/Unity/Machadinho-GitHub/Machadinho
Using Asset Import Pipeline V2.
Refreshing native plugins compatible for Editor in 64.36 ms, found 3 plugins.
Preloading 0 native plugins for Editor in 0.00 ms.
Initialize engine version: 2020.3.16f1 (049d6eca3c44)
[Subsystems] Discovering subsystems at path C:/Program Files/Unity/Hub/Editor/2020.3.16f1/Editor/Data/Resources/UnitySubsystems
[Subsystems] Discovering subsystems at path D:/Unity/Machadinho-GitHub/Machadinho/Assets
GfxDevice: creating device client; threaded=0
Direct3D:
    Version:  Direct3D 11.0 [level 11.1]
    Renderer: AMD Radeon(TM) RX Vega 11 Graphics (ID=0x15d8)
    Vendor:   
    VRAM:     7133 MB
    Driver:   27.20.1034.6
Initialize mono
Mono path[0] = 'C:/Program Files/Unity/Hub/Editor/2020.3.16f1/Editor/Data/Managed'
Mono path[1] = 'C:/Program Files/Unity/Hub/Editor/2020.3.16f1/Editor/Data/MonoBleedingEdge/lib/mono/unityjit'
Mono config path = 'C:/Program Files/Unity/Hub/Editor/2020.3.16f1/Editor/Data/MonoBleedingEdge/etc'
Using monoOptions --debugger-agent=transport=dt_socket,embedding=1,server=y,suspend=n,address=127.0.0.1:56260
Begin MonoManager ReloadAssembly
Registering precompiled unity dll's ...
Register platform support module: C:/Program Files/Unity/Hub/Editor/2020.3.16f1/Editor/Data/PlaybackEngines/WindowsStandaloneSupport/UnityEditor.WindowsStandalone.Extensions.dll
Registered in 0.003375 seconds.
Native extension for WindowsStandalone target not found
Refreshing native plugins compatible for Editor in 62.22 ms, found 3 plugins.
Preloading 0 native plugins for Editor in 0.00 ms.
Mono: successfully reloaded assembly
- Completed reload, in  2.145 seconds
Domain Reload Profiling:
	ReloadAssembly (2145ms)
		BeginReloadAssembly (76ms)
			ExecutionOrderSort (0ms)
			DisableScriptedObjects (0ms)
			BackupInstance (0ms)
			ReleaseScriptingObjects (0ms)
			CreateAndSetChildDomain (1ms)
		EndReloadAssembly (509ms)
			LoadAssemblies (71ms)
			RebuildTransferFunctionScriptingTraits (0ms)
			SetupTypeCache (175ms)
			ReleaseScriptCaches (0ms)
			RebuildScriptCaches (34ms)
			SetupLoadedEditorAssemblies (216ms)
				LogAssemblyErrors (0ms)
				InitializePlatformSupportModulesInManaged (6ms)
				SetLoadedEditorAssemblies (0ms)
				RefreshPlugins (62ms)
				BeforeProcessingInitializeOnLoad (22ms)
				ProcessInitializeOnLoadAttributes (90ms)
				ProcessInitializeOnLoadMethodAttributes (35ms)
				AfterProcessingInitializeOnLoad (0ms)
				EditorAssembliesLoaded (0ms)
			ExecutionOrderSort2 (0ms)
			AwakeInstancesAfterBackupRestoration (0ms)
Platform modules already initialized, skipping
Registering precompiled user dll's ...
Registered in 0.003241 seconds.
Begin MonoManager ReloadAssembly
Native extension for WindowsStandalone target not found
Refreshing native plugins compatible for Editor in 58.82 ms, found 3 plugins.
Preloading 0 native plugins for Editor in 0.00 ms.
Mono: successfully reloaded assembly
- Completed reload, in  1.511 seconds
Domain Reload Profiling:
	ReloadAssembly (1512ms)
		BeginReloadAssembly (163ms)
			ExecutionOrderSort (0ms)
			DisableScriptedObjects (5ms)
			BackupInstance (0ms)
			ReleaseScriptingObjects (0ms)
			CreateAndSetChildDomain (21ms)
		EndReloadAssembly (1276ms)
			LoadAssemblies (107ms)
			RebuildTransferFunctionScriptingTraits (0ms)
			SetupTypeCache (370ms)
			ReleaseScriptCaches (1ms)
			RebuildScriptCaches (63ms)
			SetupLoadedEditorAssemblies (587ms)
				LogAssemblyErrors (0ms)
				InitializePlatformSupportModulesInManaged (5ms)
				SetLoadedEditorAssemblies (0ms)
				RefreshPlugins (59ms)
				BeforeProcessingInitializeOnLoad (94ms)
				ProcessInitializeOnLoadAttributes (403ms)
				ProcessInitializeOnLoadMethodAttributes (17ms)
				AfterProcessingInitializeOnLoad (8ms)
				EditorAssembliesLoaded (0ms)
			ExecutionOrderSort2 (0ms)
			AwakeInstancesAfterBackupRestoration (7ms)
Platform modules already initialized, skipping
========================================================================
Worker process is ready to serve import requests
Launched and connected shader compiler UnityShaderCompiler.exe after 0.07 seconds
Refreshing native plugins compatible for Editor in 0.68 ms, found 3 plugins.
Preloading 0 native plugins for Editor in 0.00 ms.
Unloading 2670 Unused Serialized files (Serialized files now loaded: 0)
System memory in use before: 117.9 MB.
System memory in use after: 118.1 MB.

Unloading 31 unused Assets to reduce memory usage. Loaded Objects now: 3111.
Total: 4.500200 ms (FindLiveObjects: 0.415300 ms CreateObjectMapping: 0.088300 ms MarkObjects: 3.910100 ms  DeleteObjects: 0.084600 ms)

AssetImportParameters requested are different than current active one (requested -> active):
  custom:framework-win-MediaFoundation: 216162199b28c13a410421893ffa2e32 -> 
  custom:video-decoder-ogg-theora: a1e56fd34408186e4bbccfd4996cb3dc -> 
  custom:container-muxer-webm: aa71ff27fc2769a1b78a27578f13a17b -> 
  custom:container-demuxer-webm: 4f35f7cbe854078d1ac9338744f61a02 -> 
  custom:container-demuxer-ogg: 62fdf1f143b41e24485cea50d1cbac27 -> 
  custom:video-encoder-webm-vp8: eb34c28f22e8b96e1ab97ce403110664 -> 
  custom:video-decoder-webm-vp8: 9c59270c3fd7afecdb556c50c9e8de78 -> 
  custom:audio-decoder-ogg-vorbis: bf7c407c2cedff20999df2af8eb42d56 -> 
  custom:audio-encoder-webm-vorbis: bf7c407c2cedff20999df2af8eb42d56 -> 
========================================================================
Received Import Request.
  path: Assets/_ProjectMachadinho/Arts/PlayerArt
  artifactKey: Guid(5f41b0c6a1fa8f34da7577bb68e9970a) Importer(815301076,1909f56bfc062723c751e8b465ee728b)
Start importing Assets/_ProjectMachadinho/Arts/PlayerArt using Guid(5f41b0c6a1fa8f34da7577bb68e9970a) Importer(815301076,1909f56bfc062723c751e8b465ee728b)  -> (artifact id: '17753b3a1e194b4b572bec7803e2fad6') in 0.011531 seconds 
  Import took 0.016145 seconds .

========================================================================
Received Import Request.
  Time since last request: 5.462717 seconds.
  path: Assets/_ProjectMachadinho/Arts/PlayerArt/PlaceHolderPlayer
  artifactKey: Guid(0485d92d435387a42a09ec9fa6e3a27b) Importer(815301076,1909f56bfc062723c751e8b465ee728b)
Start importing Assets/_ProjectMachadinho/Arts/PlayerArt/PlaceHolderPlayer using Guid(0485d92d435387a42a09ec9fa6e3a27b) Importer(815301076,1909f56bfc062723c751e8b465ee728b)  -> (artifact id: 'c0e7ddf3c917bfeaf7c89b599b1d0fa6') in 0.012414 seconds 
  Import took 0.021320 seconds .

========================================================================
Received Import Request.
  Time since last request: 0.000256 seconds.
  path: Assets/_ProjectMachadinho/Arts/PlayerArt/PlaceHolderPlayer
  artifactKey: Guid(0485d92d435387a42a09ec9fa6e3a27b) Importer(815301076,1909f56bfc062723c751e8b465ee728b)
Start importing Assets/_ProjectMachadinho/Arts/PlayerArt/PlaceHolderPlayer using Guid(0485d92d435387a42a09ec9fa6e3a27b) Importer(815301076,1909f56bfc062723c751e8b465ee728b)  -> (artifact id: 'c0e7ddf3c917bfeaf7c89b599b1d0fa6') in 0.005365 seconds 
  Import took 0.011300 seconds .

========================================================================
Received Import Request.
  Time since last request: 7.356227 seconds.
  path: Assets/_ProjectMachadinho/Arts/PlayerArt/PlaceHolderPlayer/CAP.png
  artifactKey: Guid(4356cea2d1abe7d4691fb56e015f1086) Importer(815301076,1909f56bfc062723c751e8b465ee728b)
Start importing Assets/_ProjectMachadinho/Arts/PlayerArt/PlaceHolderPlayer/CAP.png using Guid(4356cea2d1abe7d4691fb56e015f1086) Importer(815301076,1909f56bfc062723c751e8b465ee728b)  -> (artifact id: 'c2880040cd2dfb7b0701321239fae1ad') in 0.193722 seconds 
  Import took 0.218843 seconds .

========================================================================
Received Import Request.
  Time since last request: 15.962026 seconds.
  path: Assets/_ProjectMachadinho/Arts/PlayerArt/PlaceHolderPlayer/CAP.png
  artifactKey: Guid(4356cea2d1abe7d4691fb56e015f1086) Importer(815301076,1909f56bfc062723c751e8b465ee728b)
Start importing Assets/_ProjectMachadinho/Arts/PlayerArt/PlaceHolderPlayer/CAP.png using Guid(4356cea2d1abe7d4691fb56e015f1086) Importer(815301076,1909f56bfc062723c751e8b465ee728b)  -> (artifact id: 'f428583910073820ec3fa360f9b420e1') in 0.028580 seconds 
  Import took 0.051220 seconds .

========================================================================
Received Prepare
Registering precompiled user dll's ...
Registered in 0.003723 seconds.
Begin MonoManager ReloadAssembly
Native extension for WindowsStandalone target not found
Refreshing native plugins compatible for Editor in 1.08 ms, found 3 plugins.
Preloading 0 native plugins for Editor in 0.00 ms.
Mono: successfully reloaded assembly
- Completed reload, in  1.473 seconds
Domain Reload Profiling:
	ReloadAssembly (1473ms)
		BeginReloadAssembly (161ms)
			ExecutionOrderSort (0ms)
			DisableScriptedObjects (8ms)
			BackupInstance (0ms)
			ReleaseScriptingObjects (0ms)
			CreateAndSetChildDomain (53ms)
		EndReloadAssembly (1237ms)
			LoadAssemblies (119ms)
			RebuildTransferFunctionScriptingTraits (0ms)
			SetupTypeCache (383ms)
			ReleaseScriptCaches (1ms)
			RebuildScriptCaches (52ms)
			SetupLoadedEditorAssemblies (546ms)
				LogAssemblyErrors (0ms)
				InitializePlatformSupportModulesInManaged (5ms)
				SetLoadedEditorAssemblies (1ms)
				RefreshPlugins (1ms)
				BeforeProcessingInitializeOnLoad (91ms)
				ProcessInitializeOnLoadAttributes (431ms)
				ProcessInitializeOnLoadMethodAttributes (7ms)
				AfterProcessingInitializeOnLoad (9ms)
				EditorAssembliesLoaded (0ms)
			ExecutionOrderSort2 (0ms)
			AwakeInstancesAfterBackupRestoration (12ms)
Platform modules already initialized, skipping
Refreshing native plugins compatible for Editor in 0.60 ms, found 3 plugins.
Preloading 0 native plugins for Editor in 0.00 ms.
Unloading 2631 Unused Serialized files (Serialized files now loaded: 0)
System memory in use before: 117.7 MB.
System memory in use after: 117.9 MB.

Unloading 17 unused Assets to reduce memory usage. Loaded Objects now: 3120.
Total: 4.439500 ms (FindLiveObjects: 0.287000 ms CreateObjectMapping: 0.066800 ms MarkObjects: 4.061500 ms  DeleteObjects: 0.022900 ms)

AssetImportParameters requested are different than current active one (requested -> active):
  custom:framework-win-MediaFoundation: 216162199b28c13a410421893ffa2e32 -> 
  custom:video-decoder-ogg-theora: a1e56fd34408186e4bbccfd4996cb3dc -> 
  custom:container-muxer-webm: aa71ff27fc2769a1b78a27578f13a17b -> 
  custom:container-demuxer-webm: 4f35f7cbe854078d1ac9338744f61a02 -> 
  custom:container-demuxer-ogg: 62fdf1f143b41e24485cea50d1cbac27 -> 
  custom:video-encoder-webm-vp8: eb34c28f22e8b96e1ab97ce403110664 -> 
  custom:video-decoder-webm-vp8: 9c59270c3fd7afecdb556c50c9e8de78 -> 
  custom:audio-decoder-ogg-vorbis: bf7c407c2cedff20999df2af8eb42d56 -> 
  custom:audio-encoder-webm-vorbis: bf7c407c2cedff20999df2af8eb42d56 -> 
========================================================================
Received Import Request.
  Time since last request: 279.342999 seconds.
  path: Assets/_ProjectMachadinho/Arts/PlayerArt/PlaceHolderPlayer/CAP.png
  artifactKey: Guid(4356cea2d1abe7d4691fb56e015f1086) Importer(815301076,1909f56bfc062723c751e8b465ee728b)
Start importing Assets/_ProjectMachadinho/Arts/PlayerArt/PlaceHolderPlayer/CAP.png using Guid(4356cea2d1abe7d4691fb56e015f1086) Importer(815301076,1909f56bfc062723c751e8b465ee728b)  -> (artifact id: '0e7d1d1018ad11115ee58288defb3119') in 0.069582 seconds 
  Import took 0.088445 seconds .

========================================================================
Received Import Request.
  Time since last request: 7.152840 seconds.
  path: Assets/_ProjectMachadinho/Arts/PlayerArt/PlaceHolderPlayer/CAP.png
  artifactKey: Guid(4356cea2d1abe7d4691fb56e015f1086) Importer(815301076,1909f56bfc062723c751e8b465ee728b)
Start importing Assets/_ProjectMachadinho/Arts/PlayerArt/PlaceHolderPlayer/CAP.png using Guid(4356cea2d1abe7d4691fb56e015f1086) Importer(815301076,1909f56bfc062723c751e8b465ee728b)  -> (artifact id: 'e68150bdc0efb47078f849642f94568e') in 0.010891 seconds 
  Import took 0.029749 seconds .

